\BOOKMARK [-1][-]{part.1}{I Author}{}% 1
\BOOKMARK [-1][-]{part.2}{II Preface}{}% 2
\BOOKMARK [0][-]{chapter.1}{*args and **kwargs}{part.2}% 3
\BOOKMARK [0][-]{chapter.2}{Debugging}{part.2}% 4
\BOOKMARK [0][-]{chapter.3}{Generators}{part.2}% 5
\BOOKMARK [1][-]{section.3.1}{Iterable}{chapter.3}% 6
\BOOKMARK [1][-]{section.3.2}{Iterator}{chapter.3}% 7
\BOOKMARK [1][-]{section.3.3}{Iteration}{chapter.3}% 8
\BOOKMARK [1][-]{section.3.4}{Generators}{chapter.3}% 9
\BOOKMARK [0][-]{chapter.4}{Map \046 Filter}{part.2}% 10
\BOOKMARK [1][-]{section.4.1}{1. Map}{chapter.4}% 11
\BOOKMARK [1][-]{section.4.2}{2. Filter}{chapter.4}% 12
\BOOKMARK [0][-]{chapter.5}{set Data Structure}{part.2}% 13
\BOOKMARK [0][-]{chapter.6}{Ternary Operators}{part.2}% 14
\BOOKMARK [0][-]{chapter.7}{Decorators}{part.2}% 15
\BOOKMARK [1][-]{section.7.1}{Authorization}{chapter.7}% 16
\BOOKMARK [1][-]{section.7.2}{Logging}{chapter.7}% 17
\BOOKMARK [0][-]{chapter.8}{Global \046 Return}{part.2}% 18
\BOOKMARK [0][-]{chapter.9}{Mutation}{part.2}% 19
\BOOKMARK [0][-]{chapter.10}{\137\137slots\137\137 Magic}{part.2}% 20
\BOOKMARK [0][-]{chapter.11}{Virtual Environment}{part.2}% 21
\BOOKMARK [0][-]{chapter.12}{Collections}{part.2}% 22
\BOOKMARK [1][-]{section.12.1}{1.defaultdict}{chapter.12}% 23
\BOOKMARK [1][-]{section.12.2}{2.counter}{chapter.12}% 24
\BOOKMARK [1][-]{section.12.3}{3.deque}{chapter.12}% 25
\BOOKMARK [0][-]{chapter.13}{Enumerate}{part.2}% 26
\BOOKMARK [0][-]{chapter.14}{Object introspection}{part.2}% 27
\BOOKMARK [1][-]{section.14.1}{1.dir\(\) BIF}{chapter.14}% 28
\BOOKMARK [1][-]{section.14.2}{2.type\(\) and id\(\)}{chapter.14}% 29
\BOOKMARK [1][-]{section.14.3}{3.inspect module}{chapter.14}% 30
\BOOKMARK [0][-]{chapter.15}{Comprehensions}{part.2}% 31
\BOOKMARK [1][-]{section.15.1}{list comprehensions}{chapter.15}% 32
\BOOKMARK [1][-]{section.15.2}{dict comprehensions}{chapter.15}% 33
\BOOKMARK [1][-]{section.15.3}{set comprehensions}{chapter.15}% 34
\BOOKMARK [0][-]{chapter.16}{Exceptions}{part.2}% 35
\BOOKMARK [1][-]{section.16.1}{Handling multiple exceptions:}{chapter.16}% 36
\BOOKMARK [0][-]{chapter.17}{Lambdas}{part.2}% 37
\BOOKMARK [0][-]{chapter.18}{One Liners}{part.2}% 38
\BOOKMARK [0][-]{chapter.19}{For - Else}{part.2}% 39
\BOOKMARK [1][-]{section.19.1}{1.else clause:}{chapter.19}% 40
\BOOKMARK [0][-]{chapter.20}{Open function}{part.2}% 41
\BOOKMARK [0][-]{chapter.21}{Targeting Python 2+3}{part.2}% 42
\BOOKMARK [0][-]{chapter.22}{Coroutines}{part.2}% 43
\BOOKMARK [0][-]{chapter.23}{Function caching}{part.2}% 44
\BOOKMARK [1][-]{section.23.1}{Python 3.2+}{chapter.23}% 45
\BOOKMARK [1][-]{section.23.2}{Python 2+}{chapter.23}% 46
